<?xml version="1.0" encoding="utf-8"?>
<coverage line-rate="0.8884000000000001" branch-rate="0.725" version="1.9" timestamp="1777751102" lines-covered="422" lines-valid="475" branches-covered="116" branches-valid="160">
  <sources>
    <source>C:\My\KoreForge2\eco-system\KoreForge.Logging\src\</source>
  </sources>
  <packages>
    <package name="KoreForge.Logging.Analyzers" line-rate="0.9804999999999999" branch-rate="0.8125" complexity="36">
      <classes>
        <class name="KoreForge.Logging.Analyzers.DiagnosticDescriptors" filename="KoreForge.Logging.Analyzers\DiagnosticDescriptors.cs" line-rate="1" branch-rate="1" complexity="1">
          <methods>
            <method name=".cctor" signature="()" line-rate="1" branch-rate="1" complexity="1">
              <lines>
                <line number="7" hits="1" branch="False" />
                <line number="8" hits="1" branch="False" />
                <line number="9" hits="1" branch="False" />
                <line number="10" hits="1" branch="False" />
                <line number="11" hits="1" branch="False" />
                <line number="12" hits="1" branch="False" />
                <line number="13" hits="1" branch="False" />
                <line number="15" hits="1" branch="False" />
                <line number="16" hits="1" branch="False" />
                <line number="17" hits="1" branch="False" />
                <line number="18" hits="1" branch="False" />
                <line number="19" hits="1" branch="False" />
                <line number="20" hits="1" branch="False" />
                <line number="21" hits="1" branch="False" />
                <line number="23" hits="1" branch="False" />
                <line number="24" hits="1" branch="False" />
                <line number="25" hits="1" branch="False" />
                <line number="26" hits="1" branch="False" />
                <line number="27" hits="1" branch="False" />
                <line number="28" hits="1" branch="False" />
                <line number="29" hits="1" branch="False" />
                <line number="31" hits="1" branch="False" />
                <line number="32" hits="1" branch="False" />
                <line number="33" hits="1" branch="False" />
                <line number="34" hits="1" branch="False" />
                <line number="35" hits="1" branch="False" />
                <line number="36" hits="1" branch="False" />
                <line number="37" hits="1" branch="False" />
                <line number="39" hits="1" branch="False" />
                <line number="40" hits="1" branch="False" />
                <line number="41" hits="1" branch="False" />
                <line number="42" hits="1" branch="False" />
                <line number="43" hits="1" branch="False" />
                <line number="44" hits="1" branch="False" />
                <line number="45" hits="1" branch="False" />
              </lines>
            </method>
          </methods>
          <lines>
            <line number="7" hits="1" branch="False" />
            <line number="8" hits="1" branch="False" />
            <line number="9" hits="1" branch="False" />
            <line number="10" hits="1" branch="False" />
            <line number="11" hits="1" branch="False" />
            <line number="12" hits="1" branch="False" />
            <line number="13" hits="1" branch="False" />
            <line number="15" hits="1" branch="False" />
            <line number="16" hits="1" branch="False" />
            <line number="17" hits="1" branch="False" />
            <line number="18" hits="1" branch="False" />
            <line number="19" hits="1" branch="False" />
            <line number="20" hits="1" branch="False" />
            <line number="21" hits="1" branch="False" />
            <line number="23" hits="1" branch="False" />
            <line number="24" hits="1" branch="False" />
            <line number="25" hits="1" branch="False" />
            <line number="26" hits="1" branch="False" />
            <line number="27" hits="1" branch="False" />
            <line number="28" hits="1" branch="False" />
            <line number="29" hits="1" branch="False" />
            <line number="31" hits="1" branch="False" />
            <line number="32" hits="1" branch="False" />
            <line number="33" hits="1" branch="False" />
            <line number="34" hits="1" branch="False" />
            <line number="35" hits="1" branch="False" />
            <line number="36" hits="1" branch="False" />
            <line number="37" hits="1" branch="False" />
            <line number="39" hits="1" branch="False" />
            <line number="40" hits="1" branch="False" />
            <line number="41" hits="1" branch="False" />
            <line number="42" hits="1" branch="False" />
            <line number="43" hits="1" branch="False" />
            <line number="44" hits="1" branch="False" />
            <line number="45" hits="1" branch="False" />
          </lines>
        </class>
        <class name="KoreForge.Logging.Analyzers.LogEventSourceAnalyzer" filename="KoreForge.Logging.Analyzers\LogEventSourceAnalyzer.cs" line-rate="0.9704999999999999" branch-rate="0.8125" complexity="35">
          <methods>
            <method name="get_SupportedDiagnostics" signature="()" line-rate="1" branch-rate="1" complexity="1">
              <lines>
                <line number="18" hits="2" branch="False" />
              </lines>
            </method>
            <method name="Initialize" signature="(Microsoft.CodeAnalysis.Diagnostics.AnalysisContext)" line-rate="1" branch-rate="1" complexity="1">
              <lines>
                <line number="29" hits="2" branch="False" />
                <line number="30" hits="2" branch="False" />
                <line number="32" hits="2" branch="False" />
                <line number="33" hits="2" branch="False" />
                <line number="34" hits="2" branch="False" />
                <line number="35" hits="2" branch="False" />
                <line number="36" hits="2" branch="False" />
                <line number="37" hits="2" branch="False" />
                <line number="38" hits="2" branch="False" />
                <line number="39" hits="2" branch="False" />
                <line number="40" hits="2" branch="False" />
                <line number="41" hits="2" branch="False" />
                <line number="42" hits="2" branch="False" />
                <line number="43" hits="2" branch="False" />
                <line number="44" hits="2" branch="False" />
                <line number="45" hits="4" branch="False" />
                <line number="46" hits="4" branch="False" />
                <line number="47" hits="2" branch="False" />
              </lines>
            </method>
            <method name="AnalyzeSymbol" signature="(Microsoft.CodeAnalysis.Diagnostics.SymbolAnalysisContext,Microsoft.CodeAnalysis.INamedTypeSymbol,System.String)" line-rate="0.8332999999999999" branch-rate="0.5" complexity="12">
              <lines>
                <line number="51" hits="2" branch="True" condition-coverage="50% (1/2)">
                  <conditions>
                    <condition number="34" type="jump" coverage="50%" />
                  </conditions>
                </line>
                <line number="53" hits="0" branch="False" />
                <line number="56" hits="2" branch="False" />
                <line number="57" hits="4" branch="True" condition-coverage="33.33% (2/6)">
                  <conditions>
                    <condition number="6" type="jump" coverage="50%" />
                    <condition number="30" type="jump" coverage="50%" />
                    <condition number="39" type="jump" coverage="0%" />
                  </conditions>
                </line>
                <line number="58" hits="4" branch="False" />
                <line number="59" hits="2" branch="True" condition-coverage="50% (1/2)">
                  <conditions>
                    <condition number="62" type="jump" coverage="50%" />
                  </conditions>
                </line>
                <line number="61" hits="0" branch="False" />
                <line number="64" hits="2" branch="True" condition-coverage="100% (2/2)">
                  <conditions>
                    <condition number="72" type="jump" coverage="100%" />
                  </conditions>
                </line>
                <line number="66" hits="1" branch="False" />
                <line number="67" hits="1" branch="False" />
                <line number="70" hits="1" branch="False" />
                <line number="71" hits="1" branch="False" />
              </lines>
            </method>
            <method name="AnalyzeEnum" signature="(Microsoft.CodeAnalysis.Diagnostics.SymbolAnalysisContext,Microsoft.CodeAnalysis.INamedTypeSymbol)" line-rate="1" branch-rate="1" complexity="18">
              <lines>
                <line number="75" hits="1" branch="False" />
                <line number="76" hits="1" branch="False" />
                <line number="77" hits="3" branch="False" />
                <line number="78" hits="1" branch="False" />
                <line number="80" hits="1" branch="False" />
                <line number="81" hits="1" branch="False" />
                <line number="83" hits="8" branch="True" condition-coverage="100% (2/2)">
                  <conditions>
                    <condition number="334" type="jump" coverage="100%" />
                  </conditions>
                </line>
                <line number="85" hits="3" branch="False" />
                <line number="86" hits="3" branch="True" condition-coverage="100% (2/2)">
                  <conditions>
                    <condition number="124" type="jump" coverage="100%" />
                  </conditions>
                </line>
                <line number="88" hits="2" branch="False" />
                <line number="89" hits="2" branch="False" />
                <line number="91" hits="3" branch="False" />
                <line number="93" hits="3" branch="True" condition-coverage="100% (2/2)">
                  <conditions>
                    <condition number="167" type="jump" coverage="100%" />
                  </conditions>
                </line>
                <line number="95" hits="1" branch="False" />
                <line number="98" hits="3" branch="True" condition-coverage="100% (2/2)">
                  <conditions>
                    <condition number="218" type="jump" coverage="100%" />
                  </conditions>
                </line>
                <line number="100" hits="3" branch="False" />
                <line number="103" hits="3" branch="False" />
                <line number="104" hits="3" branch="True" condition-coverage="100% (2/2)">
                  <conditions>
                    <condition number="299" type="jump" coverage="100%" />
                  </conditions>
                </line>
                <line number="106" hits="2" branch="False" />
                <line number="107" hits="2" branch="False" />
                <line number="109" hits="3" branch="False" />
                <line number="112" hits="6" branch="True" condition-coverage="100% (2/2)">
                  <conditions>
                    <condition number="526" type="jump" coverage="100%" />
                  </conditions>
                </line>
                <line number="114" hits="6" branch="True" condition-coverage="100% (2/2)">
                  <conditions>
                    <condition number="501" type="jump" coverage="100%" />
                  </conditions>
                </line>
                <line number="116" hits="2" branch="False" />
                <line number="120" hits="6" branch="True" condition-coverage="100% (2/2)">
                  <conditions>
                    <condition number="653" type="jump" coverage="100%" />
                  </conditions>
                </line>
                <line number="122" hits="2" branch="True" condition-coverage="100% (2/2)">
                  <conditions>
                    <condition number="574" type="jump" coverage="100%" />
                  </conditions>
                </line>
                <line number="124" hits="1" branch="False" />
                <line number="125" hits="1" branch="False" />
                <line number="128" hits="1" branch="False" />
              </lines>
            </method>
            <method name="ExtractArea" signature="(System.String)" line-rate="1" branch-rate="1" complexity="2">
              <lines>
                <line number="132" hits="3" branch="False" />
                <line number="133" hits="3" branch="True" condition-coverage="100% (2/2)">
                  <conditions>
                    <condition number="11" type="jump" coverage="100%" />
                  </conditions>
                </line>
              </lines>
            </method>
            <method name=".ctor" signature="()" line-rate="1" branch-rate="1" complexity="1">
              <lines>
                <line number="19" hits="2" branch="False" />
                <line number="20" hits="2" branch="False" />
                <line number="21" hits="2" branch="False" />
                <line number="22" hits="2" branch="False" />
                <line number="23" hits="2" branch="False" />
                <line number="24" hits="2" branch="False" />
              </lines>
            </method>
          </methods>
          <lines>
            <line number="18" hits="2" branch="False" />
            <line number="29" hits="2" branch="False" />
            <line number="30" hits="2" branch="False" />
            <line number="32" hits="2" branch="False" />
            <line number="33" hits="2" branch="False" />
            <line number="34" hits="2" branch="False" />
            <line number="35" hits="2" branch="False" />
            <line number="36" hits="2" branch="False" />
            <line number="37" hits="2" branch="False" />
            <line number="38" hits="2" branch="False" />
            <line number="39" hits="2" branch="False" />
            <line number="40" hits="2" branch="False" />
            <line number="41" hits="2" branch="False" />
            <line number="42" hits="2" branch="False" />
            <line number="43" hits="2" branch="False" />
            <line number="44" hits="2" branch="False" />
            <line number="45" hits="4" branch="False" />
            <line number="46" hits="4" branch="False" />
            <line number="47" hits="2" branch="False" />
            <line number="51" hits="2" branch="True" condition-coverage="50% (1/2)">
              <conditions>
                <condition number="34" type="jump" coverage="50%" />
              </conditions>
            </line>
            <line number="53" hits="0" branch="False" />
            <line number="56" hits="2" branch="False" />
            <line number="57" hits="4" branch="True" condition-coverage="33.33% (2/6)">
              <conditions>
                <condition number="6" type="jump" coverage="50%" />
                <condition number="30" type="jump" coverage="50%" />
                <condition number="39" type="jump" coverage="0%" />
              </conditions>
            </line>
            <line number="58" hits="4" branch="False" />
            <line number="59" hits="2" branch="True" condition-coverage="50% (1/2)">
              <conditions>
                <condition number="62" type="jump" coverage="50%" />
              </conditions>
            </line>
            <line number="61" hits="0" branch="False" />
            <line number="64" hits="2" branch="True" condition-coverage="100% (2/2)">
              <conditions>
                <condition number="72" type="jump" coverage="100%" />
              </conditions>
            </line>
            <line number="66" hits="1" branch="False" />
            <line number="67" hits="1" branch="False" />
            <line number="70" hits="1" branch="False" />
            <line number="71" hits="1" branch="False" />
            <line number="75" hits="1" branch="False" />
            <line number="76" hits="1" branch="False" />
            <line number="77" hits="3" branch="False" />
            <line number="78" hits="1" branch="False" />
            <line number="80" hits="1" branch="False" />
            <line number="81" hits="1" branch="False" />
            <line number="83" hits="8" branch="True" condition-coverage="100% (2/2)">
              <conditions>
                <condition number="334" type="jump" coverage="100%" />
              </conditions>
            </line>
            <line number="85" hits="3" branch="False" />
            <line number="86" hits="3" branch="True" condition-coverage="100% (2/2)">
              <conditions>
                <condition number="124" type="jump" coverage="100%" />
              </conditions>
            </line>
            <line number="88" hits="2" branch="False" />
            <line number="89" hits="2" branch="False" />
            <line number="91" hits="3" branch="False" />
            <line number="93" hits="3" branch="True" condition-coverage="100% (2/2)">
              <conditions>
                <condition number="167" type="jump" coverage="100%" />
              </conditions>
            </line>
            <line number="95" hits="1" branch="False" />
            <line number="98" hits="3" branch="True" condition-coverage="100% (2/2)">
              <conditions>
                <condition number="218" type="jump" coverage="100%" />
              </conditions>
            </line>
            <line number="100" hits="3" branch="False" />
            <line number="103" hits="3" branch="False" />
            <line number="104" hits="3" branch="True" condition-coverage="100% (2/2)">
              <conditions>
                <condition number="299" type="jump" coverage="100%" />
              </conditions>
            </line>
            <line number="106" hits="2" branch="False" />
            <line number="107" hits="2" branch="False" />
            <line number="109" hits="3" branch="False" />
            <line number="112" hits="6" branch="True" condition-coverage="100% (2/2)">
              <conditions>
                <condition number="526" type="jump" coverage="100%" />
              </conditions>
            </line>
            <line number="114" hits="6" branch="True" condition-coverage="100% (2/2)">
              <conditions>
                <condition number="501" type="jump" coverage="100%" />
              </conditions>
            </line>
            <line number="116" hits="2" branch="False" />
            <line number="120" hits="6" branch="True" condition-coverage="100% (2/2)">
              <conditions>
                <condition number="653" type="jump" coverage="100%" />
              </conditions>
            </line>
            <line number="122" hits="2" branch="True" condition-coverage="100% (2/2)">
              <conditions>
                <condition number="574" type="jump" coverage="100%" />
              </conditions>
            </line>
            <line number="124" hits="1" branch="False" />
            <line number="125" hits="1" branch="False" />
            <line number="128" hits="1" branch="False" />
            <line number="132" hits="3" branch="False" />
            <line number="133" hits="3" branch="True" condition-coverage="100% (2/2)">
              <conditions>
                <condition number="11" type="jump" coverage="100%" />
              </conditions>
            </line>
            <line number="19" hits="2" branch="False" />
            <line number="20" hits="2" branch="False" />
            <line number="21" hits="2" branch="False" />
            <line number="22" hits="2" branch="False" />
            <line number="23" hits="2" branch="False" />
            <line number="24" hits="2" branch="False" />
          </lines>
        </class>
      </classes>
    </package>
    <package name="KoreForge.Logging.Generator" line-rate="0.8987999999999999" branch-rate="0.7118000000000001" complexity="156">
      <classes>
        <class name="KoreForge.Logging.Generator.LogEventSourceGenerator" filename="KoreForge.Logging.Generator\LogEventSourceGenerator.cs" line-rate="0.9122" branch-rate="0.5714" complexity="28">
          <methods>
            <method name="Initialize" signature="(Microsoft.CodeAnalysis.IncrementalGeneratorInitializationContext)" line-rate="0.9411" branch-rate="0.5" complexity="2">
              <lines>
                <line number="22" hits="1" branch="False" />
                <line number="23" hits="1" branch="False" />
                <line number="24" hits="1" branch="False" />
                <line number="25" hits="1" branch="False" />
                <line number="26" hits="1" branch="False" />
                <line number="27" hits="2" branch="False" />
                <line number="29" hits="1" branch="False" />
                <line number="30" hits="1" branch="False" />
                <line number="31" hits="1" branch="True" condition-coverage="50% (1/2)">
                  <conditions>
                    <condition number="1" type="jump" coverage="50%" />
                  </conditions>
                </line>
                <line number="32" hits="1" branch="False" />
                <line number="33" hits="0" branch="False" />
                <line number="34" hits="1" branch="False" />
                <line number="35" hits="1" branch="False" />
                <line number="36" hits="1" branch="False" />
                <line number="37" hits="1" branch="False" />
                <line number="38" hits="2" branch="False" />
                <line number="39" hits="1" branch="False" />
              </lines>
            </method>
            <method name="CreateModel" signature="(Microsoft.CodeAnalysis.GeneratorAttributeSyntaxContext)" line-rate="0.8965000000000001" branch-rate="0.5" complexity="16">
              <lines>
                <line number="43" hits="1" branch="True" condition-coverage="50% (2/4)">
                  <conditions>
                    <condition number="14" type="jump" coverage="50%" />
                    <condition number="23" type="jump" coverage="50%" />
                  </conditions>
                </line>
                <line number="45" hits="0" branch="False" />
                <line number="48" hits="1" branch="False" />
                <line number="49" hits="1" branch="True" condition-coverage="50% (1/2)">
                  <conditions>
                    <condition number="41" type="jump" coverage="50%" />
                  </conditions>
                </line>
                <line number="51" hits="0" branch="False" />
                <line number="54" hits="3" branch="False" />
                <line number="55" hits="1" branch="True" condition-coverage="50% (2/4)">
                  <conditions>
                    <condition number="117" type="jump" coverage="50%" />
                    <condition number="138" type="jump" coverage="50%" />
                  </conditions>
                </line>
                <line number="56" hits="1" branch="False" />
                <line number="57" hits="1" branch="False" />
                <line number="59" hits="3" branch="False" />
                <line number="60" hits="1" branch="True" condition-coverage="50% (1/2)">
                  <conditions>
                    <condition number="234" type="jump" coverage="50%" />
                  </conditions>
                </line>
                <line number="62" hits="2" branch="False" />
                <line number="63" hits="1" branch="True" condition-coverage="50% (1/2)">
                  <conditions>
                    <condition number="322" type="jump" coverage="50%" />
                  </conditions>
                </line>
                <line number="64" hits="1" branch="False" />
                <line number="65" hits="1" branch="False" />
                <line number="67" hits="1" branch="False" />
                <line number="68" hits="1" branch="False" />
                <line number="69" hits="3" branch="False" />
                <line number="70" hits="3" branch="False" />
                <line number="71" hits="1" branch="False" />
                <line number="73" hits="1" branch="True" condition-coverage="50% (1/2)">
                  <conditions>
                    <condition number="452" type="jump" coverage="50%" />
                  </conditions>
                </line>
                <line number="75" hits="0" branch="False" />
                <line number="78" hits="1" branch="False" />
                <line number="79" hits="1" branch="False" />
                <line number="80" hits="1" branch="False" />
                <line number="81" hits="1" branch="False" />
                <line number="82" hits="1" branch="False" />
                <line number="83" hits="1" branch="False" />
                <line number="84" hits="1" branch="False" />
              </lines>
            </method>
            <method name="Tokenize" signature="(System.String)" line-rate="0.8887999999999999" branch-rate="0.75" complexity="8">
              <lines>
                <line number="89" hits="3" branch="False" />
                <line number="90" hits="3" branch="True" condition-coverage="50% (1/2)">
                  <conditions>
                    <condition number="21" type="jump" coverage="50%" />
                  </conditions>
                </line>
                <line number="92" hits="0" branch="False" />
                <line number="95" hits="3" branch="False" />
                <line number="96" hits="22" branch="True" condition-coverage="100% (2/2)">
                  <conditions>
                    <condition number="84" type="jump" coverage="100%" />
                  </conditions>
                </line>
                <line number="98" hits="8" branch="False" />
                <line number="99" hits="8" branch="True" condition-coverage="100% (2/2)">
                  <conditions>
                    <condition number="66" type="jump" coverage="100%" />
                  </conditions>
                </line>
                <line number="101" hits="8" branch="False" />
                <line number="105" hits="3" branch="True" condition-coverage="50% (1/2)">
                  <conditions>
                    <condition number="92" type="jump" coverage="50%" />
                  </conditions>
                </line>
              </lines>
            </method>
            <method name="BuildEventPath" signature="(System.String,System.Collections.Immutable.ImmutableArray`1&lt;System.String&gt;)" line-rate="1" branch-rate="0.5" complexity="2">
              <lines>
                <line number="524" hits="3" branch="False" />
                <line number="525" hits="3" branch="True" condition-coverage="50% (1/2)">
                  <conditions>
                    <condition number="23" type="jump" coverage="50%" />
                  </conditions>
                </line>
              </lines>
            </method>
          </methods>
          <lines>
            <line number="22" hits="1" branch="False" />
            <line number="23" hits="1" branch="False" />
            <line number="24" hits="1" branch="False" />
            <line number="25" hits="1" branch="False" />
            <line number="26" hits="1" branch="False" />
            <line number="27" hits="2" branch="False" />
            <line number="29" hits="1" branch="False" />
            <line number="30" hits="1" branch="False" />
            <line number="31" hits="1" branch="True" condition-coverage="50% (1/2)">
              <conditions>
                <condition number="1" type="jump" coverage="50%" />
              </conditions>
            </line>
            <line number="32" hits="1" branch="False" />
            <line number="33" hits="0" branch="False" />
            <line number="34" hits="1" branch="False" />
            <line number="35" hits="1" branch="False" />
            <line number="36" hits="1" branch="False" />
            <line number="37" hits="1" branch="False" />
            <line number="38" hits="2" branch="False" />
            <line number="39" hits="1" branch="False" />
            <line number="43" hits="1" branch="True" condition-coverage="50% (2/4)">
              <conditions>
                <condition number="14" type="jump" coverage="50%" />
                <condition number="23" type="jump" coverage="50%" />
              </conditions>
            </line>
            <line number="45" hits="0" branch="False" />
            <line number="48" hits="1" branch="False" />
            <line number="49" hits="1" branch="True" condition-coverage="50% (1/2)">
              <conditions>
                <condition number="41" type="jump" coverage="50%" />
              </conditions>
            </line>
            <line number="51" hits="0" branch="False" />
            <line number="54" hits="3" branch="False" />
            <line number="55" hits="1" branch="True" condition-coverage="50% (2/4)">
              <conditions>
                <condition number="117" type="jump" coverage="50%" />
                <condition number="138" type="jump" coverage="50%" />
              </conditions>
            </line>
            <line number="56" hits="1" branch="False" />
            <line number="57" hits="1" branch="False" />
            <line number="59" hits="3" branch="False" />
            <line number="60" hits="1" branch="True" condition-coverage="50% (1/2)">
              <conditions>
                <condition number="234" type="jump" coverage="50%" />
              </conditions>
            </line>
            <line number="62" hits="2" branch="False" />
            <line number="63" hits="1" branch="True" condition-coverage="50% (1/2)">
              <conditions>
                <condition number="322" type="jump" coverage="50%" />
              </conditions>
            </line>
            <line number="64" hits="1" branch="False" />
            <line number="65" hits="1" branch="False" />
            <line number="67" hits="1" branch="False" />
            <line number="68" hits="1" branch="False" />
            <line number="69" hits="3" branch="False" />
            <line number="70" hits="3" branch="False" />
            <line number="71" hits="1" branch="False" />
            <line number="73" hits="1" branch="True" condition-coverage="50% (1/2)">
              <conditions>
                <condition number="452" type="jump" coverage="50%" />
              </conditions>
            </line>
            <line number="75" hits="0" branch="False" />
            <line number="78" hits="1" branch="False" />
            <line number="79" hits="1" branch="False" />
            <line number="80" hits="1" branch="False" />
            <line number="81" hits="1" branch="False" />
            <line number="82" hits="1" branch="False" />
            <line number="83" hits="1" branch="False" />
            <line number="84" hits="1" branch="False" />
            <line number="89" hits="3" branch="False" />
            <line number="90" hits="3" branch="True" condition-coverage="50% (1/2)">
              <conditions>
                <condition number="21" type="jump" coverage="50%" />
              </conditions>
            </line>
            <line number="92" hits="0" branch="False" />
            <line number="95" hits="3" branch="False" />
            <line number="96" hits="22" branch="True" condition-coverage="100% (2/2)">
              <conditions>
                <condition number="84" type="jump" coverage="100%" />
              </conditions>
            </line>
            <line number="98" hits="8" branch="False" />
            <line number="99" hits="8" branch="True" condition-coverage="100% (2/2)">
              <conditions>
                <condition number="66" type="jump" coverage="100%" />
              </conditions>
            </line>
            <line number="101" hits="8" branch="False" />
            <line number="105" hits="3" branch="True" condition-coverage="50% (1/2)">
              <conditions>
                <condition number="92" type="jump" coverage="50%" />
              </conditions>
            </line>
            <line number="524" hits="3" branch="False" />
            <line number="525" hits="3" branch="True" condition-coverage="50% (1/2)">
              <conditions>
                <condition number="23" type="jump" coverage="50%" />
              </conditions>
            </line>
          </lines>
        </class>
        <class name="KoreForge.Logging.Generator.LogEventSourceGenerator/EnumMemberModel" filename="KoreForge.Logging.Generator\LogEventSourceGenerator.cs" line-rate="1" branch-rate="1" complexity="3">
          <methods>
            <method name="get_Name" signature="()" line-rate="1" branch-rate="1" complexity="1">
              <lines>
                <line number="116" hits="3" branch="False" />
              </lines>
            </method>
            <method name="get_Tokens" signature="()" line-rate="1" branch-rate="1" complexity="1">
              <lines>
                <line number="117" hits="6" branch="False" />
              </lines>
            </method>
            <method name=".ctor" signature="(System.String,System.Collections.Immutable.ImmutableArray`1&lt;System.String&gt;)" line-rate="1" branch-rate="1" complexity="1">
              <lines>
                <line number="110" hits="3" branch="False" />
                <line number="112" hits="3" branch="False" />
                <line number="113" hits="3" branch="False" />
                <line number="114" hits="3" branch="False" />
              </lines>
            </method>
          </methods>
          <lines>
            <line number="116" hits="3" branch="False" />
            <line number="117" hits="6" branch="False" />
            <line number="110" hits="3" branch="False" />
            <line number="112" hits="3" branch="False" />
            <line number="113" hits="3" branch="False" />
            <line number="114" hits="3" branch="False" />
          </lines>
        </class>
        <class name="KoreForge.Logging.Generator.LogEventSourceGenerator/LogEventSourceModel" filename="KoreForge.Logging.Generator\LogEventSourceGenerator.cs" line-rate="1" branch-rate="1" complexity="7">
          <methods>
            <method name="get_EnumName" signature="()" line-rate="1" branch-rate="1" complexity="1">
              <lines>
                <line number="138" hits="1" branch="False" />
              </lines>
            </method>
            <method name="get_Namespace" signature="()" line-rate="1" branch-rate="1" complexity="1">
              <lines>
                <line number="139" hits="2" branch="False" />
              </lines>
            </method>
            <method name="get_FullyQualifiedEnumName" signature="()" line-rate="1" branch-rate="1" complexity="1">
              <lines>
                <line number="140" hits="3" branch="False" />
              </lines>
            </method>
            <method name="get_RootLoggerName" signature="()" line-rate="1" branch-rate="1" complexity="1">
              <lines>
                <line number="141" hits="3" branch="False" />
              </lines>
            </method>
            <method name="get_BasePath" signature="()" line-rate="1" branch-rate="1" complexity="1">
              <lines>
                <line number="142" hits="3" branch="False" />
              </lines>
            </method>
            <method name="get_Members" signature="()" line-rate="1" branch-rate="1" complexity="1">
              <lines>
                <line number="143" hits="1" branch="False" />
              </lines>
            </method>
            <method name=".ctor" signature="(System.String,System.String,System.String,System.String,System.String,System.Collections.Immutable.ImmutableArray`1&lt;KoreForge.Logging.Generator.LogEventSourceGenerator/EnumMemberModel&gt;)" line-rate="1" branch-rate="1" complexity="1">
              <lines>
                <line number="122" hits="1" branch="False" />
                <line number="123" hits="1" branch="False" />
                <line number="124" hits="1" branch="False" />
                <line number="125" hits="1" branch="False" />
                <line number="126" hits="1" branch="False" />
                <line number="127" hits="1" branch="False" />
                <line number="128" hits="1" branch="False" />
                <line number="130" hits="1" branch="False" />
                <line number="131" hits="1" branch="False" />
                <line number="132" hits="1" branch="False" />
                <line number="133" hits="1" branch="False" />
                <line number="134" hits="1" branch="False" />
                <line number="135" hits="1" branch="False" />
                <line number="136" hits="1" branch="False" />
              </lines>
            </method>
          </methods>
          <lines>
            <line number="138" hits="1" branch="False" />
            <line number="139" hits="2" branch="False" />
            <line number="140" hits="3" branch="False" />
            <line number="141" hits="3" branch="False" />
            <line number="142" hits="3" branch="False" />
            <line number="143" hits="1" branch="False" />
            <line number="122" hits="1" branch="False" />
            <line number="123" hits="1" branch="False" />
            <line number="124" hits="1" branch="False" />
            <line number="125" hits="1" branch="False" />
            <line number="126" hits="1" branch="False" />
            <line number="127" hits="1" branch="False" />
            <line number="128" hits="1" branch="False" />
            <line number="130" hits="1" branch="False" />
            <line number="131" hits="1" branch="False" />
            <line number="132" hits="1" branch="False" />
            <line number="133" hits="1" branch="False" />
            <line number="134" hits="1" branch="False" />
            <line number="135" hits="1" branch="False" />
            <line number="136" hits="1" branch="False" />
          </lines>
        </class>
        <class name="KoreForge.Logging.Generator.LogEventSourceGenerator/SourceEmitter" filename="KoreForge.Logging.Generator\LogEventSourceGenerator.cs" line-rate="0.9534" branch-rate="0.9" complexity="30">
          <methods>
            <method name="Emit" signature="(KoreForge.Logging.Generator.LogEventSourceGenerator/LogEventSourceModel)" line-rate="1" branch-rate="1" complexity="6">
              <lines>
                <line number="150" hits="1" branch="False" />
                <line number="151" hits="1" branch="False" />
                <line number="152" hits="1" branch="False" />
                <line number="153" hits="1" branch="False" />
                <line number="154" hits="1" branch="False" />
                <line number="155" hits="1" branch="False" />
                <line number="156" hits="1" branch="False" />
                <line number="157" hits="1" branch="False" />
                <line number="159" hits="1" branch="True" condition-coverage="100% (2/2)">
                  <conditions>
                    <condition number="91" type="jump" coverage="100%" />
                  </conditions>
                </line>
                <line number="161" hits="1" branch="False" />
                <line number="162" hits="1" branch="False" />
                <line number="165" hits="1" branch="False" />
                <line number="166" hits="1" branch="False" />
                <line number="167" hits="6" branch="True" condition-coverage="100% (2/2)">
                  <conditions>
                    <condition number="254" type="jump" coverage="100%" />
                  </conditions>
                </line>
                <line number="169" hits="2" branch="False" />
                <line number="170" hits="2" branch="False" />
                <line number="171" hits="6" branch="True" condition-coverage="100% (2/2)">
                  <conditions>
                    <condition number="232" type="jump" coverage="100%" />
                  </conditions>
                </line>
                <line number="173" hits="1" branch="False" />
                <line number="174" hits="1" branch="False" />
                <line number="178" hits="1" branch="False" />
                <line number="179" hits="1" branch="False" />
                <line number="181" hits="1" branch="False" />
              </lines>
            </method>
            <method name="WriteRootLogger" signature="(KoreForge.Logging.Generator.LogEventSourceGenerator/IndentedStringBuilder,KoreForge.Logging.Generator.LogEventSourceGenerator/LogEventSourceModel,System.Collections.Generic.IReadOnlyList`1&lt;KoreForge.Logging.Generator.LogEventSourceGenerator/AreaDescription&gt;)" line-rate="1" branch-rate="1" complexity="4">
              <lines>
                <line number="186" hits="1" branch="False" />
                <line number="188" hits="1" branch="False" />
                <line number="189" hits="3" branch="False" />
                <line number="190" hits="3" branch="False" />
                <line number="191" hits="3" branch="False" />
                <line number="192" hits="3" branch="False" />
                <line number="193" hits="3" branch="False" />
                <line number="195" hits="3" branch="False" />
                <line number="197" hits="6" branch="True" condition-coverage="100% (2/2)">
                  <conditions>
                    <condition number="273" type="jump" coverage="100%" />
                  </conditions>
                </line>
                <line number="199" hits="2" branch="False" />
                <line number="201" hits="1" branch="False" />
                <line number="203" hits="1" branch="False" />
                <line number="204" hits="6" branch="True" condition-coverage="100% (2/2)">
                  <conditions>
                    <condition number="385" type="jump" coverage="100%" />
                  </conditions>
                </line>
                <line number="206" hits="2" branch="False" />
                <line number="209" hits="1" branch="False" />
              </lines>
            </method>
            <method name="WriteAreaLogger" signature="(KoreForge.Logging.Generator.LogEventSourceGenerator/IndentedStringBuilder,KoreForge.Logging.Generator.LogEventSourceGenerator/LogEventSourceModel,KoreForge.Logging.Generator.LogEventSourceGenerator/AreaDescription)" line-rate="1" branch-rate="1" complexity="8">
              <lines>
                <line number="213" hits="2" branch="False" />
                <line number="215" hits="2" branch="False" />
                <line number="216" hits="2" branch="False" />
                <line number="217" hits="2" branch="False" />
                <line number="219" hits="2" branch="False" />
                <line number="220" hits="6" branch="True" condition-coverage="100% (2/2)">
                  <conditions>
                    <condition number="203" type="jump" coverage="100%" />
                  </conditions>
                </line>
                <line number="222" hits="1" branch="False" />
                <line number="224" hits="6" branch="True" condition-coverage="100% (2/2)">
                  <conditions>
                    <condition number="287" type="jump" coverage="100%" />
                  </conditions>
                </line>
                <line number="226" hits="1" branch="False" />
                <line number="230" hits="2" branch="False" />
                <line number="231" hits="6" branch="True" condition-coverage="100% (2/2)">
                  <conditions>
                    <condition number="383" type="jump" coverage="100%" />
                  </conditions>
                </line>
                <line number="233" hits="1" branch="False" />
                <line number="235" hits="6" branch="True" condition-coverage="100% (2/2)">
                  <conditions>
                    <condition number="493" type="jump" coverage="100%" />
                  </conditions>
                </line>
                <line number="237" hits="1" branch="False" />
                <line number="240" hits="2" branch="False" />
              </lines>
            </method>
            <method name="WriteGroupLogger" signature="(KoreForge.Logging.Generator.LogEventSourceGenerator/IndentedStringBuilder,KoreForge.Logging.Generator.LogEventSourceGenerator/LogEventSourceModel,KoreForge.Logging.Generator.LogEventSourceGenerator/GroupDescription)" line-rate="0.7777" branch-rate="0.7" complexity="10">
              <lines>
                <line number="244" hits="1" branch="False" />
                <line number="246" hits="1" branch="False" />
                <line number="247" hits="1" branch="False" />
                <line number="248" hits="1" branch="False" />
                <line number="250" hits="1" branch="False" />
                <line number="251" hits="6" branch="True" condition-coverage="100% (2/2)">
                  <conditions>
                    <condition number="203" type="jump" coverage="100%" />
                  </conditions>
                </line>
                <line number="253" hits="2" branch="False" />
                <line number="255" hits="2" branch="True" condition-coverage="50% (1/2)">
                  <conditions>
                    <condition number="287" type="jump" coverage="50%" />
                  </conditions>
                </line>
                <line number="257" hits="0" branch="False" />
                <line number="261" hits="1" branch="False" />
                <line number="262" hits="6" branch="True" condition-coverage="100% (2/2)">
                  <conditions>
                    <condition number="383" type="jump" coverage="100%" />
                  </conditions>
                </line>
                <line number="264" hits="2" branch="False" />
                <line number="266" hits="2" branch="True" condition-coverage="50% (1/2)">
                  <conditions>
                    <condition number="493" type="jump" coverage="50%" />
                  </conditions>
                </line>
                <line number="268" hits="0" branch="False" />
                <line number="272" hits="2" branch="True" condition-coverage="50% (1/2)">
                  <conditions>
                    <condition number="570" type="jump" coverage="50%" />
                  </conditions>
                </line>
                <line number="274" hits="0" branch="False" />
                <line number="275" hits="0" branch="False" />
                <line number="277" hits="1" branch="False" />
              </lines>
            </method>
            <method name="WriteServiceExtensions" signature="(KoreForge.Logging.Generator.LogEventSourceGenerator/IndentedStringBuilder,KoreForge.Logging.Generator.LogEventSourceGenerator/LogEventSourceModel,System.Collections.Generic.IReadOnlyList`1&lt;KoreForge.Logging.Generator.LogEventSourceGenerator/AreaDescription&gt;)" line-rate="1" branch-rate="1" complexity="2">
              <lines>
                <line number="281" hits="1" branch="False" />
                <line number="283" hits="1" branch="False" />
                <line number="285" hits="1" branch="False" />
                <line number="286" hits="1" branch="False" />
                <line number="287" hits="1" branch="False" />
                <line number="288" hits="1" branch="False" />
                <line number="289" hits="1" branch="False" />
                <line number="290" hits="1" branch="False" />
                <line number="291" hits="1" branch="False" />
                <line number="292" hits="6" branch="True" condition-coverage="100% (2/2)">
                  <conditions>
                    <condition number="140" type="jump" coverage="100%" />
                  </conditions>
                </line>
                <line number="294" hits="2" branch="False" />
                <line number="296" hits="1" branch="False" />
                <line number="297" hits="1" branch="False" />
                <line number="298" hits="1" branch="False" />
                <line number="299" hits="1" branch="False" />
                <line number="301" hits="1" branch="False" />
              </lines>
            </method>
          </methods>
          <lines>
            <line number="150" hits="1" branch="False" />
            <line number="151" hits="1" branch="False" />
            <line number="152" hits="1" branch="False" />
            <line number="153" hits="1" branch="False" />
            <line number="154" hits="1" branch="False" />
            <line number="155" hits="1" branch="False" />
            <line number="156" hits="1" branch="False" />
            <line number="157" hits="1" branch="False" />
            <line number="159" hits="1" branch="True" condition-coverage="100% (2/2)">
              <conditions>
                <condition number="91" type="jump" coverage="100%" />
              </conditions>
            </line>
            <line number="161" hits="1" branch="False" />
            <line number="162" hits="1" branch="False" />
            <line number="165" hits="1" branch="False" />
            <line number="166" hits="1" branch="False" />
            <line number="167" hits="6" branch="True" condition-coverage="100% (2/2)">
              <conditions>
                <condition number="254" type="jump" coverage="100%" />
              </conditions>
            </line>
            <line number="169" hits="2" branch="False" />
            <line number="170" hits="2" branch="False" />
            <line number="171" hits="6" branch="True" condition-coverage="100% (2/2)">
              <conditions>
                <condition number="232" type="jump" coverage="100%" />
              </conditions>
            </line>
            <line number="173" hits="1" branch="False" />
            <line number="174" hits="1" branch="False" />
            <line number="178" hits="1" branch="False" />
            <line number="179" hits="1" branch="False" />
            <line number="181" hits="1" branch="False" />
            <line number="186" hits="1" branch="False" />
            <line number="188" hits="1" branch="False" />
            <line number="189" hits="3" branch="False" />
            <line number="190" hits="3" branch="False" />
            <line number="191" hits="3" branch="False" />
            <line number="192" hits="3" branch="False" />
            <line number="193" hits="3" branch="False" />
            <line number="195" hits="3" branch="False" />
            <line number="197" hits="6" branch="True" condition-coverage="100% (2/2)">
              <conditions>
                <condition number="273" type="jump" coverage="100%" />
              </conditions>
            </line>
            <line number="199" hits="2" branch="False" />
            <line number="201" hits="1" branch="False" />
            <line number="203" hits="1" branch="False" />
            <line number="204" hits="6" branch="True" condition-coverage="100% (2/2)">
              <conditions>
                <condition number="385" type="jump" coverage="100%" />
              </conditions>
            </line>
            <line number="206" hits="2" branch="False" />
            <line number="209" hits="1" branch="False" />
            <line number="213" hits="2" branch="False" />
            <line number="215" hits="2" branch="False" />
            <line number="216" hits="2" branch="False" />
            <line number="217" hits="2" branch="False" />
            <line number="219" hits="2" branch="False" />
            <line number="220" hits="6" branch="True" condition-coverage="100% (2/2)">
              <conditions>
                <condition number="203" type="jump" coverage="100%" />
              </conditions>
            </line>
            <line number="222" hits="1" branch="False" />
            <line number="224" hits="6" branch="True" condition-coverage="100% (2/2)">
              <conditions>
                <condition number="287" type="jump" coverage="100%" />
              </conditions>
            </line>
            <line number="226" hits="1" branch="False" />
            <line number="230" hits="2" branch="False" />
            <line number="231" hits="6" branch="True" condition-coverage="100% (2/2)">
              <conditions>
                <condition number="383" type="jump" coverage="100%" />
              </conditions>
            </line>
            <line number="233" hits="1" branch="False" />
            <line number="235" hits="6" branch="True" condition-coverage="100% (2/2)">
              <conditions>
                <condition number="493" type="jump" coverage="100%" />
              </conditions>
            </line>
            <line number="237" hits="1" branch="False" />
            <line number="240" hits="2" branch="False" />
            <line number="244" hits="1" branch="False" />
            <line number="246" hits="1" branch="False" />
            <line number="247" hits="1" branch="False" />
            <line number="248" hits="1" branch="False" />
            <line number="250" hits="1" branch="False" />
            <line number="251" hits="6" branch="True" condition-coverage="100% (2/2)">
              <conditions>
                <condition number="203" type="jump" coverage="100%" />
              </conditions>
            </line>
            <line number="253" hits="2" branch="False" />
            <line number="255" hits="2" branch="True" condition-coverage="50% (1/2)">
              <conditions>
                <condition number="287" type="jump" coverage="50%" />
              </conditions>
            </line>
            <line number="257" hits="0" branch="False" />
            <line number="261" hits="1" branch="False" />
            <line number="262" hits="6" branch="True" condition-coverage="100% (2/2)">
              <conditions>
                <condition number="383" type="jump" coverage="100%" />
              </conditions>
            </line>
            <line number="264" hits="2" branch="False" />
            <line number="266" hits="2" branch="True" condition-coverage="50% (1/2)">
              <conditions>
                <condition number="493" type="jump" coverage="50%" />
              </conditions>
            </line>
            <line number="268" hits="0" branch="False" />
            <line number="272" hits="2" branch="True" condition-coverage="50% (1/2)">
              <conditions>
                <condition number="570" type="jump" coverage="50%" />
              </conditions>
            </line>
            <line number="274" hits="0" branch="False" />
            <line number="275" hits="0" branch="False" />
            <line number="277" hits="1" branch="False" />
            <line number="281" hits="1" branch="False" />
            <line number="283" hits="1" branch="False" />
            <line number="285" hits="1" branch="False" />
            <line number="286" hits="1" branch="False" />
            <line number="287" hits="1" branch="False" />
            <line number="288" hits="1" branch="False" />
            <line number="289" hits="1" branch="False" />
            <line number="290" hits="1" branch="False" />
            <line number="291" hits="1" branch="False" />
            <line number="292" hits="6" branch="True" condition-coverage="100% (2/2)">
              <conditions>
                <condition number="140" type="jump" coverage="100%" />
              </conditions>
            </line>
            <line number="294" hits="2" branch="False" />
            <line number="296" hits="1" branch="False" />
            <line number="297" hits="1" branch="False" />
            <line number="298" hits="1" branch="False" />
            <line number="299" hits="1" branch="False" />
            <line number="301" hits="1" branch="False" />
          </lines>
        </class>
        <class name="KoreForge.Logging.Generator.LogEventSourceGenerator/TreeBuilder" filename="KoreForge.Logging.Generator\LogEventSourceGenerator.cs" line-rate="0.8461" branch-rate="0.75" complexity="12">
          <methods>
            <method name="Build" signature="(KoreForge.Logging.Generator.LogEventSourceGenerator/LogEventSourceModel)" line-rate="1" branch-rate="1" complexity="6">
              <lines>
                <line number="308" hits="1" branch="False" />
                <line number="309" hits="8" branch="True" condition-coverage="100% (2/2)">
                  <conditions>
                    <condition number="124" type="jump" coverage="100%" />
                  </conditions>
                </line>
                <line number="311" hits="3" branch="False" />
                <line number="312" hits="3" branch="False" />
                <line number="313" hits="3" branch="False" />
                <line number="314" hits="3" branch="False" />
                <line number="316" hits="3" branch="True" condition-coverage="100% (2/2)">
                  <conditions>
                    <condition number="82" type="jump" coverage="100%" />
                  </conditions>
                </line>
                <line number="318" hits="2" branch="False" />
                <line number="319" hits="2" branch="False" />
                <line number="322" hits="3" branch="False" />
                <line number="325" hits="3" branch="False" />
                <line number="326" hits="6" branch="True" condition-coverage="100% (2/2)">
                  <conditions>
                    <condition number="212" type="jump" coverage="100%" />
                  </conditions>
                </line>
                <line number="328" hits="2" branch="False" />
                <line number="331" hits="1" branch="False" />
              </lines>
            </method>
            <method name="Normalize" signature="(KoreForge.Logging.Generator.LogEventSourceGenerator/EnumMemberModel)" line-rate="0.3333" branch-rate="0.25" complexity="4">
              <lines>
                <line number="336" hits="3" branch="True" condition-coverage="50% (1/2)">
                  <conditions>
                    <condition number="15" type="jump" coverage="50%" />
                  </conditions>
                </line>
                <line number="338" hits="3" branch="False" />
                <line number="341" hits="0" branch="True" condition-coverage="0% (0/2)">
                  <conditions>
                    <condition number="44" type="jump" coverage="0%" />
                  </conditions>
                </line>
                <line number="343" hits="0" branch="False" />
                <line number="344" hits="0" branch="False" />
                <line number="347" hits="0" branch="False" />
              </lines>
            </method>
            <method name="ExtractGroups" signature="(System.String[])" line-rate="1" branch-rate="1" complexity="2">
              <lines>
                <line number="352" hits="3" branch="True" condition-coverage="100% (2/2)">
                  <conditions>
                    <condition number="4" type="jump" coverage="100%" />
                  </conditions>
                </line>
                <line number="354" hits="1" branch="False" />
                <line number="357" hits="2" branch="False" />
                <line number="358" hits="2" branch="False" />
                <line number="359" hits="2" branch="False" />
                <line number="360" hits="2" branch="False" />
              </lines>
            </method>
          </methods>
          <lines>
            <line number="308" hits="1" branch="False" />
            <line number="309" hits="8" branch="True" condition-coverage="100% (2/2)">
              <conditions>
                <condition number="124" type="jump" coverage="100%" />
              </conditions>
            </line>
            <line number="311" hits="3" branch="False" />
            <line number="312" hits="3" branch="False" />
            <line number="313" hits="3" branch="False" />
            <line number="314" hits="3" branch="False" />
            <line number="316" hits="3" branch="True" condition-coverage="100% (2/2)">
              <conditions>
                <condition number="82" type="jump" coverage="100%" />
              </conditions>
            </line>
            <line number="318" hits="2" branch="False" />
            <line number="319" hits="2" branch="False" />
            <line number="322" hits="3" branch="False" />
            <line number="325" hits="3" branch="False" />
            <line number="326" hits="6" branch="True" condition-coverage="100% (2/2)">
              <conditions>
                <condition number="212" type="jump" coverage="100%" />
              </conditions>
            </line>
            <line number="328" hits="2" branch="False" />
            <line number="331" hits="1" branch="False" />
            <line number="336" hits="3" branch="True" condition-coverage="50% (1/2)">
              <conditions>
                <condition number="15" type="jump" coverage="50%" />
              </conditions>
            </line>
            <line number="338" hits="3" branch="False" />
            <line number="341" hits="0" branch="True" condition-coverage="0% (0/2)">
              <conditions>
                <condition number="44" type="jump" coverage="0%" />
              </conditions>
            </line>
            <line number="343" hits="0" branch="False" />
            <line number="344" hits="0" branch="False" />
            <line number="347" hits="0" branch="False" />
            <line number="352" hits="3" branch="True" condition-coverage="100% (2/2)">
              <conditions>
                <condition number="4" type="jump" coverage="100%" />
              </conditions>
            </line>
            <line number="354" hits="1" branch="False" />
            <line number="357" hits="2" branch="False" />
            <line number="358" hits="2" branch="False" />
            <line number="359" hits="2" branch="False" />
            <line number="360" hits="2" branch="False" />
          </lines>
        </class>
        <class name="KoreForge.Logging.Generator.LogEventSourceGenerator/AreaDescription" filename="KoreForge.Logging.Generator\LogEventSourceGenerator.cs" line-rate="1" branch-rate="1" complexity="17">
          <methods>
            <method name="get_DisplayName" signature="()" line-rate="1" branch-rate="1" complexity="1">
              <lines>
                <line number="381" hits="14" branch="False" />
              </lines>
            </method>
            <method name="get_TypeName" signature="()" line-rate="1" branch-rate="1" complexity="1">
              <lines>
                <line number="382" hits="10" branch="False" />
              </lines>
            </method>
            <method name="get_PathSegments" signature="()" line-rate="1" branch-rate="1" complexity="1">
              <lines>
                <line number="383" hits="1" branch="False" />
              </lines>
            </method>
            <method name="get_ClassSegments" signature="()" line-rate="1" branch-rate="1" complexity="1">
              <lines>
                <line number="384" hits="1" branch="False" />
              </lines>
            </method>
            <method name="get_Events" signature="()" line-rate="1" branch-rate="1" complexity="1">
              <lines>
                <line number="385" hits="9" branch="False" />
              </lines>
            </method>
            <method name="get_Groups" signature="()" line-rate="1" branch-rate="1" complexity="1">
              <lines>
                <line number="386" hits="6" branch="False" />
              </lines>
            </method>
            <method name="AddMember" signature="(KoreForge.Logging.Generator.LogEventSourceGenerator/EnumMemberModel,System.String[],System.String)" line-rate="1" branch-rate="1" complexity="1">
              <lines>
                <line number="390" hits="3" branch="False" />
                <line number="391" hits="3" branch="False" />
              </lines>
            </method>
            <method name="AddMember" signature="(KoreForge.Logging.Generator.LogEventSourceGenerator/EnumMemberModel,System.String[],System.Int32,System.String)" line-rate="1" branch-rate="1" complexity="4">
              <lines>
                <line number="395" hits="3" branch="True" condition-coverage="100% (4/4)">
                  <conditions>
                    <condition number="2" type="jump" coverage="100%" />
                    <condition number="8" type="jump" coverage="100%" />
                  </conditions>
                </line>
                <line number="397" hits="1" branch="False" />
                <line number="398" hits="1" branch="False" />
                <line number="401" hits="2" branch="False" />
                <line number="402" hits="2" branch="False" />
                <line number="403" hits="2" branch="False" />
              </lines>
            </method>
            <method name="AllocateGroupName" signature="(System.String)" line-rate="1" branch-rate="1" complexity="1">
              <lines>
                <line number="405" hits="1" branch="False" />
              </lines>
            </method>
            <method name="GetOrAddGroup" signature="(System.String)" line-rate="1" branch-rate="1" complexity="2">
              <lines>
                <line number="409" hits="2" branch="True" condition-coverage="100% (2/2)">
                  <conditions>
                    <condition number="14" type="jump" coverage="100%" />
                  </conditions>
                </line>
                <line number="411" hits="1" branch="False" />
                <line number="414" hits="1" branch="False" />
                <line number="415" hits="1" branch="False" />
                <line number="416" hits="1" branch="False" />
                <line number="417" hits="1" branch="False" />
              </lines>
            </method>
            <method name="FinalizeNodes" signature="()" line-rate="1" branch-rate="1" complexity="2">
              <lines>
                <line number="422" hits="2" branch="False" />
                <line number="423" hits="2" branch="False" />
                <line number="424" hits="6" branch="True" condition-coverage="100% (2/2)">
                  <conditions>
                    <condition number="119" type="jump" coverage="100%" />
                  </conditions>
                </line>
                <line number="426" hits="1" branch="False" />
                <line number="428" hits="2" branch="False" />
              </lines>
            </method>
            <method name=".ctor" signature="(KoreForge.Logging.Generator.LogEventSourceGenerator/LogEventSourceModel,System.String)" line-rate="1" branch-rate="1" complexity="1">
              <lines>
                <line number="367" hits="2" branch="False" />
                <line number="368" hits="2" branch="False" />
                <line number="369" hits="2" branch="False" />
                <line number="370" hits="2" branch="False" />
                <line number="372" hits="2" branch="False" />
                <line number="374" hits="2" branch="False" />
                <line number="375" hits="2" branch="False" />
                <line number="376" hits="2" branch="False" />
                <line number="377" hits="2" branch="False" />
                <line number="378" hits="2" branch="False" />
                <line number="379" hits="2" branch="False" />
              </lines>
            </method>
          </methods>
          <lines>
            <line number="381" hits="14" branch="False" />
            <line number="382" hits="10" branch="False" />
            <line number="383" hits="1" branch="False" />
            <line number="384" hits="1" branch="False" />
            <line number="385" hits="9" branch="False" />
            <line number="386" hits="6" branch="False" />
            <line number="390" hits="3" branch="False" />
            <line number="391" hits="3" branch="False" />
            <line number="395" hits="3" branch="True" condition-coverage="100% (4/4)">
              <conditions>
                <condition number="2" type="jump" coverage="100%" />
                <condition number="8" type="jump" coverage="100%" />
              </conditions>
            </line>
            <line number="397" hits="1" branch="False" />
            <line number="398" hits="1" branch="False" />
            <line number="401" hits="2" branch="False" />
            <line number="402" hits="2" branch="False" />
            <line number="403" hits="2" branch="False" />
            <line number="405" hits="1" branch="False" />
            <line number="409" hits="2" branch="True" condition-coverage="100% (2/2)">
              <conditions>
                <condition number="14" type="jump" coverage="100%" />
              </conditions>
            </line>
            <line number="411" hits="1" branch="False" />
            <line number="414" hits="1" branch="False" />
            <line number="415" hits="1" branch="False" />
            <line number="416" hits="1" branch="False" />
            <line number="417" hits="1" branch="False" />
            <line number="422" hits="2" branch="False" />
            <line number="423" hits="2" branch="False" />
            <line number="424" hits="6" branch="True" condition-coverage="100% (2/2)">
              <conditions>
                <condition number="119" type="jump" coverage="100%" />
              </conditions>
            </line>
            <line number="426" hits="1" branch="False" />
            <line number="428" hits="2" branch="False" />
            <line number="367" hits="2" branch="False" />
            <line number="368" hits="2" branch="False" />
            <line number="369" hits="2" branch="False" />
            <line number="370" hits="2" branch="False" />
            <line number="372" hits="2" branch="False" />
            <line number="374" hits="2" branch="False" />
            <line number="375" hits="2" branch="False" />
            <line number="376" hits="2" branch="False" />
            <line number="377" hits="2" branch="False" />
            <line number="378" hits="2" branch="False" />
            <line number="379" hits="2" branch="False" />
          </lines>
        </class>
        <class name="KoreForge.Logging.Generator.LogEventSourceGenerator/GroupDescription" filename="KoreForge.Logging.Generator\LogEventSourceGenerator.cs" line-rate="0.725" branch-rate="0.5" complexity="20">
          <methods>
            <method name="get_PascalName" signature="()" line-rate="1" branch-rate="1" complexity="1">
              <lines>
                <line number="453" hits="2" branch="False" />
              </lines>
            </method>
            <method name="get_PropertyName" signature="()" line-rate="1" branch-rate="1" complexity="1">
              <lines>
                <line number="454" hits="2" branch="False" />
              </lines>
            </method>
            <method name="get_TypeName" signature="()" line-rate="1" branch-rate="1" complexity="1">
              <lines>
                <line number="455" hits="4" branch="False" />
              </lines>
            </method>
            <method name="get_ClassSegments" signature="()" line-rate="1" branch-rate="1" complexity="1">
              <lines>
                <line number="456" hits="2" branch="False" />
              </lines>
            </method>
            <method name="get_PathSegments" signature="()" line-rate="1" branch-rate="1" complexity="1">
              <lines>
                <line number="457" hits="2" branch="False" />
              </lines>
            </method>
            <method name="get_Events" signature="()" line-rate="1" branch-rate="1" complexity="1">
              <lines>
                <line number="458" hits="6" branch="False" />
              </lines>
            </method>
            <method name="get_Children" signature="()" line-rate="1" branch-rate="1" complexity="1">
              <lines>
                <line number="459" hits="3" branch="False" />
              </lines>
            </method>
            <method name="AddMember" signature="(KoreForge.Logging.Generator.LogEventSourceGenerator/EnumMemberModel,System.String[],System.Int32,System.String)" line-rate="0.5" branch-rate="0.75" complexity="4">
              <lines>
                <line number="463" hits="2" branch="True" condition-coverage="75% (3/4)">
                  <conditions>
                    <condition number="2" type="jump" coverage="100%" />
                    <condition number="8" type="jump" coverage="50%" />
                  </conditions>
                </line>
                <line number="465" hits="2" branch="False" />
                <line number="466" hits="2" branch="False" />
                <line number="469" hits="0" branch="False" />
                <line number="470" hits="0" branch="False" />
                <line number="471" hits="0" branch="False" />
              </lines>
            </method>
            <method name="GetOrAddChild" signature="(System.String)" line-rate="0" branch-rate="0" complexity="2">
              <lines>
                <line number="475" hits="0" branch="True" condition-coverage="0% (0/2)">
                  <conditions>
                    <condition number="14" type="jump" coverage="0%" />
                  </conditions>
                </line>
                <line number="477" hits="0" branch="False" />
                <line number="480" hits="0" branch="False" />
                <line number="481" hits="0" branch="False" />
                <line number="482" hits="0" branch="False" />
                <line number="483" hits="0" branch="False" />
              </lines>
            </method>
            <method name="AllocateChildGroupName" signature="(System.String)" line-rate="0" branch-rate="1" complexity="1">
              <lines>
                <line number="486" hits="0" branch="False" />
              </lines>
            </method>
            <method name="FinalizeNodes" signature="()" line-rate="0.8" branch-rate="0.5" complexity="2">
              <lines>
                <line number="490" hits="2" branch="False" />
                <line number="491" hits="1" branch="False" />
                <line number="492" hits="2" branch="True" condition-coverage="50% (1/2)">
                  <conditions>
                    <condition number="119" type="jump" coverage="50%" />
                  </conditions>
                </line>
                <line number="494" hits="0" branch="False" />
                <line number="496" hits="1" branch="False" />
              </lines>
            </method>
            <method name=".ctor" signature="(KoreForge.Logging.Generator.LogEventSourceGenerator/LogEventSourceModel,KoreForge.Logging.Generator.LogEventSourceGenerator/AreaDescription,KoreForge.Logging.Generator.LogEventSourceGenerator/GroupDescription,System.String)" line-rate="1" branch-rate="0.5" complexity="4">
              <lines>
                <line number="435" hits="1" branch="False" />
                <line number="436" hits="1" branch="False" />
                <line number="437" hits="1" branch="False" />
                <line number="438" hits="1" branch="False" />
                <line number="440" hits="1" branch="False" />
                <line number="442" hits="1" branch="False" />
                <line number="443" hits="1" branch="False" />
                <line number="444" hits="1" branch="False" />
                <line number="445" hits="1" branch="True" condition-coverage="50% (1/2)">
                  <conditions>
                    <condition number="95" type="jump" coverage="50%" />
                  </conditions>
                </line>
                <line number="446" hits="1" branch="False" />
                <line number="447" hits="1" branch="False" />
                <line number="448" hits="1" branch="True" condition-coverage="50% (1/2)">
                  <conditions>
                    <condition number="130" type="jump" coverage="50%" />
                  </conditions>
                </line>
                <line number="449" hits="1" branch="False" />
                <line number="450" hits="1" branch="False" />
                <line number="451" hits="1" branch="False" />
              </lines>
            </method>
          </methods>
          <lines>
            <line number="453" hits="2" branch="False" />
            <line number="454" hits="2" branch="False" />
            <line number="455" hits="4" branch="False" />
            <line number="456" hits="2" branch="False" />
            <line number="457" hits="2" branch="False" />
            <line number="458" hits="6" branch="False" />
            <line number="459" hits="3" branch="False" />
            <line number="463" hits="2" branch="True" condition-coverage="75% (3/4)">
              <conditions>
                <condition number="2" type="jump" coverage="100%" />
                <condition number="8" type="jump" coverage="50%" />
              </conditions>
            </line>
            <line number="465" hits="2" branch="False" />
            <line number="466" hits="2" branch="False" />
            <line number="469" hits="0" branch="False" />
            <line number="470" hits="0" branch="False" />
            <line number="471" hits="0" branch="False" />
            <line number="475" hits="0" branch="True" condition-coverage="0% (0/2)">
              <conditions>
                <condition number="14" type="jump" coverage="0%" />
              </conditions>
            </line>
            <line number="477" hits="0" branch="False" />
            <line number="480" hits="0" branch="False" />
            <line number="481" hits="0" branch="False" />
            <line number="482" hits="0" branch="False" />
            <line number="483" hits="0" branch="False" />
            <line number="486" hits="0" branch="False" />
            <line number="490" hits="2" branch="False" />
            <line number="491" hits="1" branch="False" />
            <line number="492" hits="2" branch="True" condition-coverage="50% (1/2)">
              <conditions>
                <condition number="119" type="jump" coverage="50%" />
              </conditions>
            </line>
            <line number="494" hits="0" branch="False" />
            <line number="496" hits="1" branch="False" />
            <line number="435" hits="1" branch="False" />
            <line number="436" hits="1" branch="False" />
            <line number="437" hits="1" branch="False" />
            <line number="438" hits="1" branch="False" />
            <line number="440" hits="1" branch="False" />
            <line number="442" hits="1" branch="False" />
            <line number="443" hits="1" branch="False" />
            <line number="444" hits="1" branch="False" />
            <line number="445" hits="1" branch="True" condition-coverage="50% (1/2)">
              <conditions>
                <condition number="95" type="jump" coverage="50%" />
              </conditions>
            </line>
            <line number="446" hits="1" branch="False" />
[...]
              </lines>
            </method>
            <method name="ToCamelCase" signature="(System.String)" line-rate="0.8" branch-rate="0.5" complexity="4">
              <lines>
                <line number="592" hits="2" branch="True" condition-coverage="50% (1/2)">
                  <conditions>
                    <condition number="6" type="jump" coverage="50%" />
                  </conditions>
                </line>
                <line number="594" hits="0" branch="False" />
                <line number="597" hits="2" branch="True" condition-coverage="50% (1/2)">
                  <conditions>
                    <condition number="21" type="jump" coverage="50%" />
                  </conditions>
                </line>
                <line number="598" hits="2" branch="False" />
                <line number="599" hits="2" branch="False" />
              </lines>
            </method>
          </methods>
          <lines>
            <line number="551" hits="6" branch="True" condition-coverage="50% (1/2)">
              <conditions>
                <condition number="6" type="jump" coverage="50%" />
              </conditions>
            </line>
            <line number="553" hits="0" branch="False" />
            <line number="556" hits="6" branch="False" />
            <line number="557" hits="6" branch="False" />
            <line number="558" hits="74" branch="True" condition-coverage="100% (2/2)">
              <conditions>
                <condition number="100" type="jump" coverage="100%" />
              </conditions>
            </line>
            <line number="560" hits="31" branch="True" condition-coverage="50% (1/2)">
              <conditions>
                <condition number="52" type="jump" coverage="50%" />
              </conditions>
            </line>
            <line number="562" hits="31" branch="True" condition-coverage="100% (2/2)">
              <conditions>
                <condition number="56" type="jump" coverage="100%" />
              </conditions>
            </line>
            <line number="563" hits="31" branch="False" />
            <line number="567" hits="0" branch="False" />
            <line number="571" hits="6" branch="True" condition-coverage="50% (1/2)">
              <conditions>
                <condition number="108" type="jump" coverage="50%" />
              </conditions>
            </line>
            <line number="573" hits="0" branch="False" />
            <line number="576" hits="6" branch="False" />
            <line number="577" hits="6" branch="True" condition-coverage="50% (1/2)">
              <conditions>
                <condition number="138" type="jump" coverage="50%" />
              </conditions>
            </line>
            <line number="579" hits="0" branch="False" />
            <line number="582" hits="6" branch="True" condition-coverage="50% (1/2)">
              <conditions>
                <condition number="158" type="jump" coverage="50%" />
              </conditions>
            </line>
            <line number="584" hits="0" branch="False" />
            <line number="587" hits="6" branch="False" />
            <line number="592" hits="2" branch="True" condition-coverage="50% (1/2)">
              <conditions>
                <condition number="6" type="jump" coverage="50%" />
              </conditions>
            </line>
            <line number="594" hits="0" branch="False" />
            <line number="597" hits="2" branch="True" condition-coverage="50% (1/2)">
              <conditions>
                <condition number="21" type="jump" coverage="50%" />
              </conditions>
            </line>
            <line number="598" hits="2" branch="False" />
            <line number="599" hits="2" branch="False" />
          </lines>
        </class>
        <class name="KoreForge.Logging.Generator.LogEventSourceGenerator/IndentedStringBuilder" filename="KoreForge.Logging.Generator\LogEventSourceGenerator.cs" line-rate="1" branch-rate="1" complexity="8">
          <methods>
            <method name="Scope" signature="(System.String)" line-rate="1" branch-rate="1" complexity="1">
              <lines>
                <line number="613" hits="10" branch="False" />
                <line number="614" hits="10" branch="False" />
                <line number="615" hits="10" branch="False" />
                <line number="616" hits="10" branch="False" />
              </lines>
            </method>
            <method name="AppendLine" signature="(System.String)" line-rate="1" branch-rate="1" complexity="4">
              <lines>
                <line number="621" hits="69" branch="True" condition-coverage="100% (2/2)">
                  <conditions>
                    <condition number="6" type="jump" coverage="100%" />
                  </conditions>
                </line>
                <line number="623" hits="13" branch="False" />
                <line number="624" hits="13" branch="False" />
                <line number="627" hits="230" branch="True" condition-coverage="100% (2/2)">
                  <conditions>
                    <condition number="53" type="jump" coverage="100%" />
                  </conditions>
                </line>
                <line number="629" hits="59" branch="False" />
                <line number="632" hits="56" branch="False" />
                <line number="633" hits="56" branch="False" />
              </lines>
            </method>
            <method name="IncrementIndent" signature="()" line-rate="1" branch-rate="1" complexity="1">
              <lines>
                <line number="635" hits="1" branch="False" />
              </lines>
            </method>
            <method name="DecrementIndent" signature="()" line-rate="1" branch-rate="1" complexity="1">
              <lines>
                <line number="636" hits="1" branch="False" />
              </lines>
            </method>
            <method name=".ctor" signature="(System.Text.StringBuilder)" line-rate="1" branch-rate="1" complexity="1">
              <lines>
                <line number="609" hits="2" branch="False" />
              </lines>
            </method>
          </methods>
          <lines>
            <line number="613" hits="10" branch="False" />
            <line number="614" hits="10" branch="False" />
            <line number="615" hits="10" branch="False" />
            <line number="616" hits="10" branch="False" />
            <line number="621" hits="69" branch="True" condition-coverage="100% (2/2)">
              <conditions>
                <condition number="6" type="jump" coverage="100%" />
              </conditions>
            </line>
            <line number="623" hits="13" branch="False" />
            <line number="624" hits="13" branch="False" />
            <line number="627" hits="230" branch="True" condition-coverage="100% (2/2)">
              <conditions>
                <condition number="53" type="jump" coverage="100%" />
              </conditions>
            </line>
            <line number="629" hits="59" branch="False" />
            <line number="632" hits="56" branch="False" />
            <line number="633" hits="56" branch="False" />
            <line number="635" hits="1" branch="False" />
            <line number="636" hits="1" branch="False" />
            <line number="609" hits="2" branch="False" />
          </lines>
        </class>
        <class name="KoreForge.Logging.Generator.LogEventSourceGenerator/IndentedStringBuilder/ScopeToken" filename="KoreForge.Logging.Generator\LogEventSourceGenerator.cs" line-rate="0.8571" branch-rate="0.5" complexity="3">
          <methods>
            <method name="Dispose" signature="()" line-rate="0.8332999999999999" branch-rate="0.5" complexity="2">
              <lines>
                <line number="647" hits="10" branch="True" condition-coverage="50% (1/2)">
                  <conditions>
                    <condition number="6" type="jump" coverage="50%" />
                  </conditions>
                </line>
                <line number="649" hits="0" branch="False" />
                <line number="652" hits="10" branch="False" />
                <line number="653" hits="10" branch="False" />
                <line number="654" hits="10" branch="False" />
                <line number="655" hits="10" branch="False" />
              </lines>
            </method>
            <method name=".ctor" signature="(KoreForge.Logging.Generator.LogEventSourceGenerator/IndentedStringBuilder)" line-rate="1" branch-rate="1" complexity="1">
              <lines>
                <line number="643" hits="20" branch="False" />
              </lines>
            </method>
          </methods>
          <lines>
            <line number="647" hits="10" branch="True" condition-coverage="50% (1/2)">
              <conditions>
                <condition number="6" type="jump" coverage="50%" />
              </conditions>
            </line>
            <line number="649" hits="0" branch="False" />
            <line number="652" hits="10" branch="False" />
            <line number="653" hits="10" branch="False" />
            <line number="654" hits="10" branch="False" />
            <line number="655" hits="10" branch="False" />
            <line number="643" hits="20" branch="False" />
          </lines>
        </class>
      </classes>
    </package>
    <package name="KoreForge.Logging.Runtime" line-rate="0.5277000000000001" branch-rate="0.6" complexity="28">
      <classes>
        <class name="KoreForge.Logging.LogEventSourceAttribute" filename="KoreForge.Logging.Runtime\LogEventSourceAttribute.cs" line-rate="0" branch-rate="1" complexity="4">
          <methods>
            <method name="get_LoggerRootTypeName" signature="()" line-rate="0" branch-rate="1" complexity="1">
              <lines>
                <line number="14" hits="0" branch="False" />
              </lines>
            </method>
            <method name="get_Namespace" signature="()" line-rate="0" branch-rate="1" complexity="1">
              <lines>
                <line number="19" hits="0" branch="False" />
              </lines>
            </method>
            <method name="get_BasePath" signature="()" line-rate="0" branch-rate="1" complexity="1">
              <lines>
                <line number="24" hits="0" branch="False" />
              </lines>
            </method>
            <method name="get_Levels" signature="()" line-rate="0" branch-rate="1" complexity="1">
              <lines>
                <line number="29" hits="0" branch="False" />
              </lines>
            </method>
          </methods>
          <lines>
            <line number="14" hits="0" branch="False" />
            <line number="19" hits="0" branch="False" />
            <line number="24" hits="0" branch="False" />
            <line number="29" hits="0" branch="False" />
          </lines>
        </class>
        <class name="KoreForge.Logging.Internal.EventLogger" filename="KoreForge.Logging.Runtime\Internal\EventLogger.cs" line-rate="0.5937" branch-rate="0.6" complexity="24">
          <methods>
            <method name="IsEnabled" signature="(Microsoft.Extensions.Logging.LogLevel)" line-rate="0" branch-rate="1" complexity="1">
              <lines>
                <line number="32" hits="0" branch="False" />
              </lines>
            </method>
            <method name="LogInternal" signature="(Microsoft.Extensions.Logging.LogLevel,System.Exception,System.String,System.Object[])" line-rate="0.9229999999999999" branch-rate="0.6666" complexity="6">
              <lines>
                <line number="36" hits="1" branch="True" condition-coverage="50% (1/2)">
                  <conditions>
                    <condition number="12" type="jump" coverage="50%" />
                  </conditions>
                </line>
                <line number="38" hits="0" branch="False" />
                <line number="41" hits="1" branch="False" />
                <line number="42" hits="1" branch="False" />
                <line number="43" hits="1" branch="False" />
                <line number="44" hits="1" branch="False" />
                <line number="46" hits="1" branch="True" condition-coverage="75% (3/4)">
                  <conditions>
                    <condition number="66" type="jump" coverage="100%" />
                    <condition number="71" type="jump" coverage="50%" />
                  </conditions>
                </line>
                <line number="47" hits="1" branch="False" />
                <line number="48" hits="1" branch="False" />
                <line number="49" hits="1" branch="False" />
                <line number="50" hits="1" branch="False" />
                <line number="51" hits="1" branch="False" />
                <line number="52" hits="1" branch="False" />
              </lines>
            </method>
            <method name="LogTrace" signature="(System.String,System.Object[])" line-rate="0" branch-rate="1" complexity="1">
              <lines>
                <line number="55" hits="0" branch="False" />
              </lines>
            </method>
            <method name="LogTrace" signature="(System.Exception,System.String,System.Object[])" line-rate="0" branch-rate="1" complexity="1">
              <lines>
                <line number="58" hits="0" branch="False" />
              </lines>
            </method>
            <method name="LogDebug" signature="(System.String,System.Object[])" line-rate="0" branch-rate="1" complexity="1">
              <lines>
                <line number="61" hits="0" branch="False" />
              </lines>
            </method>
            <method name="LogDebug" signature="(System.Exception,System.String,System.Object[])" line-rate="0" branch-rate="1" complexity="1">
              <lines>
                <line number="64" hits="0" branch="False" />
              </lines>
            </method>
            <method name="LogInformation" signature="(System.String,System.Object[])" line-rate="1" branch-rate="1" complexity="1">
              <lines>
                <line number="67" hits="1" branch="False" />
              </lines>
            </method>
            <method name="LogInformation" signature="(System.Exception,System.String,System.Object[])" line-rate="0" branch-rate="1" complexity="1">
              <lines>
                <line number="70" hits="0" branch="False" />
              </lines>
            </method>
            <method name="LogWarning" signature="(System.String,System.Object[])" line-rate="0" branch-rate="1" complexity="1">
              <lines>
                <line number="73" hits="0" branch="False" />
              </lines>
            </method>
            <method name="LogWarning" signature="(System.Exception,System.String,System.Object[])" line-rate="0" branch-rate="1" complexity="1">
              <lines>
                <line number="76" hits="0" branch="False" />
              </lines>
            </method>
            <method name="LogError" signature="(System.String,System.Object[])" line-rate="0" branch-rate="1" complexity="1">
              <lines>
                <line number="79" hits="0" branch="False" />
              </lines>
            </method>
            <method name="LogError" signature="(System.Exception,System.String,System.Object[])" line-rate="0" branch-rate="1" complexity="1">
              <lines>
                <line number="82" hits="0" branch="False" />
              </lines>
            </method>
            <method name="LogCritical" signature="(System.String,System.Object[])" line-rate="0" branch-rate="1" complexity="1">
              <lines>
                <line number="85" hits="0" branch="False" />
              </lines>
            </method>
            <method name="LogCritical" signature="(System.Exception,System.String,System.Object[])" line-rate="0" branch-rate="1" complexity="1">
              <lines>
                <line number="88" hits="0" branch="False" />
              </lines>
            </method>
            <method name=".ctor" signature="(Microsoft.Extensions.Logging.ILogger,System.Int32,System.String)" line-rate="1" branch-rate="0.5" complexity="4">
              <lines>
                <line number="24" hits="1" branch="False" />
                <line number="26" hits="1" branch="True" condition-coverage="50% (1/2)">
                  <conditions>
                    <condition number="9" type="jump" coverage="50%" />
                  </conditions>
                </line>
                <line number="27" hits="1" branch="False" />
                <line number="28" hits="1" branch="True" condition-coverage="50% (1/2)">
                  <conditions>
                    <condition number="44" type="jump" coverage="50%" />
                  </conditions>
                </line>
                <line number="29" hits="1" branch="False" />
              </lines>
            </method>
            <method name=".cctor" signature="()" line-rate="1" branch-rate="1" complexity="1">
              <lines>
                <line number="12" hits="1" branch="False" />
              </lines>
            </method>
          </methods>
          <lines>
            <line number="32" hits="0" branch="False" />
            <line number="36" hits="1" branch="True" condition-coverage="50% (1/2)">
              <conditions>
                <condition number="12" type="jump" coverage="50%" />
              </conditions>
            </line>
            <line number="38" hits="0" branch="False" />
            <line number="41" hits="1" branch="False" />
            <line number="42" hits="1" branch="False" />
            <line number="43" hits="1" branch="False" />
            <line number="44" hits="1" branch="False" />
            <line number="46" hits="1" branch="True" condition-coverage="75% (3/4)">
              <conditions>
                <condition number="66" type="jump" coverage="100%" />
                <condition number="71" type="jump" coverage="50%" />
              </conditions>
            </line>
            <line number="47" hits="1" branch="False" />
            <line number="48" hits="1" branch="False" />
            <line number="49" hits="1" branch="False" />
            <line number="50" hits="1" branch="False" />
            <line number="51" hits="1" branch="False" />
            <line number="52" hits="1" branch="False" />
            <line number="55" hits="0" branch="False" />
            <line number="58" hits="0" branch="False" />
            <line number="61" hits="0" branch="False" />
            <line number="64" hits="0" branch="False" />
            <line number="67" hits="1" branch="False" />
            <line number="70" hits="0" branch="False" />
            <line number="73" hits="0" branch="False" />
            <line number="76" hits="0" branch="False" />
            <line number="79" hits="0" branch="False" />
            <line number="82" hits="0" branch="False" />
            <line number="85" hits="0" branch="False" />
            <line number="88" hits="0" branch="False" />
            <line number="24" hits="1" branch="False" />
            <line number="26" hits="1" branch="True" condition-coverage="50% (1/2)">
              <conditions>
                <condition number="9" type="jump" coverage="50%" />
              </conditions>
            </line>
            <line number="27" hits="1" branch="False" />
            <line number="28" hits="1" branch="True" condition-coverage="50% (1/2)">
              <conditions>
                <condition number="44" type="jump" coverage="50%" />
              </conditions>
            </line>
            <line number="29" hits="1" branch="False" />
            <line number="12" hits="1" branch="False" />
          </lines>
        </class>
      </classes>
    </package>
  </packages>
</coverage>